2025-04-08 02:13:19.817815 - Received CBT.V508.FILE103.PDS from FILE103.XMI 
2025-04-08 02:13:19.824334 - Found $$$#DATE.txt (text/plain) in CBT.V508.FILE103.PDS, moved to PDS/$$$#DATE
2025-04-08 02:13:19.825876 - Found $$ISPF.txt (text/plain) in CBT.V508.FILE103.PDS, moved to PDS/$$ISPF
2025-04-08 02:13:19.827420 - Found $$SCRIPT.txt (text/plain) in CBT.V508.FILE103.PDS, moved to PDS/$$SCRIPT
2025-04-08 02:13:19.828701 - Found $CHANGE.txt (text/plain) in CBT.V508.FILE103.PDS, moved to PDS/$CHANGE
2025-04-08 02:13:19.829979 - Found $DOC.bin (application/octet-stream) in CBT.V508.FILE103.PDS, moved to PDS/$DOC
2025-04-08 02:13:19.831737 - Found $INSTALL.bin (application/octet-stream) in CBT.V508.FILE103.PDS, moved to PDS/$INSTALL
2025-04-08 02:13:19.833012 - Found $LEVEL.bin (application/octet-stream) in CBT.V508.FILE103.PDS, moved to PDS/$LEVEL
2025-04-08 02:13:19.834331 - Found $NOTE.txt (text/plain) in CBT.V508.FILE103.PDS, moved to PDS/$NOTE
2025-04-08 02:13:19.835725 - Found #COPYSCR.txt (text/plain) in CBT.V508.FILE103.PDS, moved to PDS/#COPYSCR
2025-04-08 02:13:19.836991 - Found #ELIST.txt (text/plain) in CBT.V508.FILE103.PDS, moved to PDS/#ELIST
2025-04-08 02:13:19.838223 - Found #INFO.txt (text/plain) in CBT.V508.FILE103.PDS, moved to PDS/#INFO
2025-04-08 02:13:19.839476 - Found #SPELL.txt (text/plain) in CBT.V508.FILE103.PDS, moved to PDS/#SPELL
2025-04-08 02:13:19.841023 - Found @FILE103.txt (text/plain) in CBT.V508.FILE103.PDS, moved to PDS/@FILE103
2025-04-08 02:13:19.842494 - Found CDF.txt (text/plain) in CBT.V508.FILE103.PDS, moved to PDS/CDF
2025-04-08 02:13:19.843730 - Found CDFDATAB.txt (text/plain) in CBT.V508.FILE103.PDS, moved to PDS/CDFDATAB
2025-04-08 02:13:19.845089 - Found CDFHELP.txt (text/plain) in CBT.V508.FILE103.PDS, moved to PDS/CDFHELP
2025-04-08 02:13:19.846485 - Found COPYSCRN.txt (text/plain) in CBT.V508.FILE103.PDS, moved to PDS/COPYSCRN
2025-04-08 02:13:19.847732 - Found COPYSCT1.txt (text/plain) in CBT.V508.FILE103.PDS, moved to PDS/COPYSCT1
2025-04-08 02:13:19.848921 - Found COPYSCT2.txt (text/plain) in CBT.V508.FILE103.PDS, moved to PDS/COPYSCT2
2025-04-08 02:13:19.850149 - Found COPYSC01.txt (text/plain) in CBT.V508.FILE103.PDS, moved to PDS/COPYSC01
2025-04-08 02:13:19.851711 - Found DISPLAY.txt (text/plain) in CBT.V508.FILE103.PDS, moved to PDS/DISPLAY
2025-04-08 02:13:19.853068 - Found ELIST.txt (text/plain) in CBT.V508.FILE103.PDS, moved to PDS/ELIST
2025-04-08 02:13:19.854408 - Found INFO.txt (text/plain) in CBT.V508.FILE103.PDS, moved to PDS/INFO
2025-04-08 02:13:19.855971 - Found INIT.txt (text/plain) in CBT.V508.FILE103.PDS, moved to PDS/INIT
2025-04-08 02:13:19.857521 - Found QCOMMON.txt (text/plain) in CBT.V508.FILE103.PDS, moved to PDS/QCOMMON
2025-04-08 02:13:19.858777 - Found QUECMDS.bin (application/octet-stream) in CBT.V508.FILE103.PDS, moved to PDS/QUECMDS
2025-04-08 02:13:19.860252 - Found QUEPROF.bin (application/octet-stream) in CBT.V508.FILE103.PDS, moved to PDS/QUEPROF
2025-04-08 02:13:19.861717 - Found QUEUE.txt (text/plain) in CBT.V508.FILE103.PDS, moved to PDS/QUEUE
2025-04-08 02:13:19.863054 - Found QUEUEM2.txt (text/plain) in CBT.V508.FILE103.PDS, moved to PDS/QUEUEM2
2025-04-08 02:13:19.864334 - Found QUEUEM3.txt (text/plain) in CBT.V508.FILE103.PDS, moved to PDS/QUEUEM3
2025-04-08 02:13:19.865568 - Found QUEUEM4.txt (text/plain) in CBT.V508.FILE103.PDS, moved to PDS/QUEUEM4
2025-04-08 02:13:19.866895 - Found QUEUEM5.txt (text/plain) in CBT.V508.FILE103.PDS, moved to PDS/QUEUEM5
2025-04-08 02:13:19.868241 - Found RACFTSO5.jcl (text/plain) in CBT.V508.FILE103.PDS, moved to PDS/RACFTSO5
2025-04-08 02:13:19.869704 - Found REPOS.txt (text/plain) in CBT.V508.FILE103.PDS, moved to PDS/REPOS
2025-04-08 02:13:19.871284 - Found SPELL.txt (text/plain) in CBT.V508.FILE103.PDS, moved to PDS/SPELL
2025-04-08 02:13:19.872577 - Found TECA08.txt (text/plain) in CBT.V508.FILE103.PDS, moved to PDS/TECA08
2025-04-08 02:13:19.873812 - Found TECMODS.bin (application/octet-stream) in CBT.V508.FILE103.PDS, moved to PDS/TECMODS
2025-04-08 02:13:19.875096 - Found TECZ00.txt (text/plain) in CBT.V508.FILE103.PDS, moved to PDS/TECZ00
2025-04-08 02:13:19.876991 - Found TVENQ1.txt (text/plain) in CBT.V508.FILE103.PDS, moved to PDS/TVENQ1
2025-04-08 02:13:19.878364 - Found TVENQ11.txt (text/plain) in CBT.V508.FILE103.PDS, moved to PDS/TVENQ11
2025-04-08 02:13:19.879671 - Found TVENQ12.txt (text/plain) in CBT.V508.FILE103.PDS, moved to PDS/TVENQ12
2025-04-08 02:13:19.880972 - Found TVENQ2.txt (text/plain) in CBT.V508.FILE103.PDS, moved to PDS/TVENQ2
2025-04-08 02:13:19.882469 - Found VBROAD.txt (text/plain) in CBT.V508.FILE103.PDS, moved to PDS/VBROAD
2025-04-08 02:13:19.883896 - Found VBROADE.txt (text/plain) in CBT.V508.FILE103.PDS, moved to PDS/VBROADE
2025-04-08 02:13:19.885420 - Found VBROADI.txt (text/plain) in CBT.V508.FILE103.PDS, moved to PDS/VBROADI
2025-04-08 02:13:19.886728 - Found VBROAD0.txt (text/plain) in CBT.V508.FILE103.PDS, moved to PDS/VBROAD0
2025-04-08 02:13:19.888257 - Found VBROAD1.txt (text/plain) in CBT.V508.FILE103.PDS, moved to PDS/VBROAD1
2025-04-08 02:13:19.889781 - Found VBROAD2.txt (text/plain) in CBT.V508.FILE103.PDS, moved to PDS/VBROAD2
2025-04-08 02:13:19.891217 - Found VCMDEDIC.txt (text/plain) in CBT.V508.FILE103.PDS, moved to PDS/VCMDEDIC
2025-04-08 02:13:19.892643 - Found VCMDEDIT.txt (text/plain) in CBT.V508.FILE103.PDS, moved to PDS/VCMDEDIT
2025-04-08 02:13:19.893981 - Found VENQ1.txt (text/plain) in CBT.V508.FILE103.PDS, moved to PDS/VENQ1
2025-04-08 02:13:19.895255 - Found VENQ2.txt (text/plain) in CBT.V508.FILE103.PDS, moved to PDS/VENQ2
2025-04-08 02:13:19.896522 - Found VEXIT.txt (text/plain) in CBT.V508.FILE103.PDS, moved to PDS/VEXIT
2025-04-08 02:13:19.897977 - Found VEXITC.txt (text/plain) in CBT.V508.FILE103.PDS, moved to PDS/VEXITC
2025-04-08 02:13:19.899291 - Found VISPFG2.bin (application/octet-stream) in CBT.V508.FILE103.PDS, moved to PDS/VISPFG2
2025-04-08 02:13:19.900636 - Found VLOGO.txt (text/plain) in CBT.V508.FILE103.PDS, moved to PDS/VLOGO
2025-04-08 02:13:19.901951 - Found VLOGOC.txt (text/plain) in CBT.V508.FILE103.PDS, moved to PDS/VLOGOC
2025-04-08 02:13:19.903406 - Found VLOGON.jcl (text/plain) in CBT.V508.FILE103.PDS, moved to PDS/VLOGON
2025-04-08 02:13:19.904673 - Found VLOGONP.txt (text/plain) in CBT.V508.FILE103.PDS, moved to PDS/VLOGONP
2025-04-08 02:13:19.905937 - Found VPC.txt (text/plain) in CBT.V508.FILE103.PDS, moved to PDS/VPC
2025-04-08 02:13:19.907246 - Found VPCC.txt (text/plain) in CBT.V508.FILE103.PDS, moved to PDS/VPCC
2025-04-08 02:13:19.908627 - Found VPCTRAN.txt (text/plain) in CBT.V508.FILE103.PDS, moved to PDS/VPCTRAN
2025-04-08 02:13:19.909911 - Found VPCT000.txt (text/plain) in CBT.V508.FILE103.PDS, moved to PDS/VPCT000
2025-04-08 02:13:19.911443 - Found VPCT001.txt (text/plain) in CBT.V508.FILE103.PDS, moved to PDS/VPCT001
2025-04-08 02:13:19.912749 - Found VPCT002.txt (text/plain) in CBT.V508.FILE103.PDS, moved to PDS/VPCT002
2025-04-08 02:13:19.914099 - Found VPCT003.txt (text/plain) in CBT.V508.FILE103.PDS, moved to PDS/VPCT003
2025-04-08 02:13:19.915421 - Found VPCT010.txt (text/plain) in CBT.V508.FILE103.PDS, moved to PDS/VPCT010
2025-04-08 02:13:19.916700 - Found VPCT011.txt (text/plain) in CBT.V508.FILE103.PDS, moved to PDS/VPCT011
2025-04-08 02:13:19.918021 - Found VPCT012.txt (text/plain) in CBT.V508.FILE103.PDS, moved to PDS/VPCT012
2025-04-08 02:13:19.919368 - Found VPCT013.txt (text/plain) in CBT.V508.FILE103.PDS, moved to PDS/VPCT013
2025-04-08 02:13:19.920664 - Found VPCT014.txt (text/plain) in CBT.V508.FILE103.PDS, moved to PDS/VPCT014
2025-04-08 02:13:19.921996 - Found VPCT015.txt (text/plain) in CBT.V508.FILE103.PDS, moved to PDS/VPCT015
2025-04-08 02:13:19.923314 - Found VPCT016.txt (text/plain) in CBT.V508.FILE103.PDS, moved to PDS/VPCT016
2025-04-08 02:13:19.924684 - Found VPCT017.txt (text/plain) in CBT.V508.FILE103.PDS, moved to PDS/VPCT017
2025-04-08 02:13:19.925972 - Found VPCT018.txt (text/plain) in CBT.V508.FILE103.PDS, moved to PDS/VPCT018
2025-04-08 02:13:19.927329 - Found VUTL16.txt (text/plain) in CBT.V508.FILE103.PDS, moved to PDS/VUTL16
